2025-02-06 19:03:34,502 - __main__ - INFO - ะะพั ะทะฐะฟััะตะฝ...
2025-02-06 19:15:46,791 - __main__ - INFO - ะะพั ะทะฐะฟััะตะฝ...
2025-02-06 19:16:17,321 - services.translator - INFO - Translated: 'ะ ัะตะบััะต ะพะฑััะถะดะฐัััั ะฟัะพะธะทะฒะพะดััะฒะตะฝะฝัะต ะฒะพะฟัะพัั, ะบะฐัะฐััะธะตัั ะฟะพััะฐะฒะพะบ ะปะตัะฐ, ะพััะฐัะบะพะฒ ััััั, ะฟะปะฐะฝะพะฒ ะฒััะฐะฑะพัะบะธ ะฟัะพะดัะบัะธะธ ะธ ะฟัะพะฑะปะตะผ ั ะฒัะฟะพะปะฝะตะฝะธะตะผ ะฟะปะฐะฝะพะฒ. ะะฑััะถะดะฐะตััั ัะธััะฐัะธั ั ะฝะตะฒัะฟะพะปะฝะตะฝะฝัะผะธ ะฟะปะฐะฝะฐะผะธ ะฟะพััะฐะฒะพะบ, ะพัะพะฑะตะฝะฝะพ ะฒ ะฟะพัะปะตะดะฝะธะต ะดะฝะธ ะฟะตัะตะด ะบะฐะฝะธะบัะปะฐะผะธ' -> 'Metinde kereste tedariki, hammadde dengeleri, รผretim planlarฤฑ ve planlarฤฑn yerine getirilmesiyle ilgili sorunlara iliลkin รผretim konularฤฑ ele alฤฑnmaktadฤฑr. รzellikle tatilden รถnceki son gรผnlerde yerine getirilemeyen teslimat planlarฤฑ ile ilgili durum tartฤฑลฤฑlmaktadฤฑr.'
2025-02-06 19:37:33,919 - __main__ - INFO - ะะพั ะทะฐะฟััะตะฝ...
2025-02-06 19:59:32,921 - __main__ - INFO - ะะพั ะทะฐะฟััะตะฝ...
2025-02-06 20:00:16,712 - services.translator - INFO - Translated: 'ะ ัะตะบััะต ะพะฑััะถะดะฐัััั ะฟัะพะธะทะฒะพะดััะฒะตะฝะฝัะต ะฒะพะฟัะพัั, ะบะฐัะฐััะธะตัั ะฟะพััะฐะฒะพะบ ะปะตัะฐ, ะพััะฐัะบะพะฒ ััััั, ะฟะปะฐะฝะพะฒ ะฒััะฐะฑะพัะบะธ ะฟัะพะดัะบัะธะธ ะธ ะฟัะพะฑะปะตะผ ั ะฒัะฟะพะปะฝะตะฝะธะตะผ ะฟะปะฐะฝะพะฒ. ะะฑััะถะดะฐะตััั ัะธััะฐัะธั ั ะฝะตะฒัะฟะพะปะฝะตะฝะฝัะผะธ ะฟะปะฐะฝะฐะผะธ ะฟะพััะฐะฒะพะบ, ะพัะพะฑะตะฝะฝะพ ะฒ ะฟะพัะปะตะดะฝะธะต ะดะฝะธ ะฟะตัะตะด ะบะฐะฝะธะบัะปะฐะผะธ' -> 'ููุงูุด ุงููุต ูุถุงูุง ุงูุฅูุชุงุฌ ุงููุชุนููุฉ ุจุฅูุฏุงุฏุงุช ุงูุฃุฎุดุงุจุ ูุฃุฑุตุฏุฉ ุงูููุงุฏ ุงูุฎุงูุ ูุฎุทุท ุงูุฅูุชุงุฌ ูุงููุดุงูู ุงููุชุนููุฉ ุจุชูููุฐ ุงูุฎุทุท. ูุชูุงูุด ุงูุญุงูุฉ ุงููุชุนููุฉ ุจุฎุทุท ุงูุชุณููู ุบูุฑ ุงูููุฌุฒุฉุ ุฎุงุตุฉ ูู ุงูุฃูุงู ุงูุฃุฎูุฑุฉ ูุจู ุงูุฃุนูุงุฏ'
2025-02-06 20:06:06,017 - __main__ - INFO - ะะพั ะทะฐะฟััะตะฝ...
2025-02-06 20:15:12,591 - __main__ - INFO - ะะพั ะทะฐะฟััะตะฝ...
2025-02-06 20:16:34,222 - services.translator - INFO - Translated: 'ะ ัะตะบััะต ะพะฑััะถะดะฐัััั ะฟัะพะธะทะฒะพะดััะฒะตะฝะฝัะต ะฒะพะฟัะพัั, ะบะฐัะฐััะธะตัั ะฟะพััะฐะฒะพะบ ะปะตัะฐ, ะพััะฐัะบะพะฒ ััััั, ะฟะปะฐะฝะพะฒ ะฒััะฐะฑะพัะบะธ ะฟัะพะดัะบัะธะธ ะธ ะฟัะพะฑะปะตะผ ั ะฒัะฟะพะปะฝะตะฝะธะตะผ ะฟะปะฐะฝะพะฒ. ะะฑััะถะดะฐะตััั ัะธััะฐัะธั ั ะฝะตะฒัะฟะพะปะฝะตะฝะฝัะผะธ ะฟะปะฐะฝะฐะผะธ ะฟะพััะฐะฒะพะบ, ะพัะพะฑะตะฝะฝะพ ะฒ ะฟะพัะปะตะดะฝะธะต ะดะฝะธ ะฟะตัะตะด ะบะฐะฝะธะบัะปะฐะผะธ' -> 'Metinde kereste tedariki, hammadde dengeleri, รผretim planlarฤฑ ve planlarฤฑn yerine getirilmesiyle ilgili sorunlara iliลkin รผretim konularฤฑ ele alฤฑnmaktadฤฑr. รzellikle tatilden รถnceki son gรผnlerde yerine getirilemeyen teslimat planlarฤฑ ile ilgili durum tartฤฑลฤฑlmaktadฤฑr.'
2025-02-06 20:26:32,742 - __main__ - INFO - ะะพั ะทะฐะฟััะตะฝ...
2025-02-06 20:46:40,589 - __main__ - INFO - ะะพั ะทะฐะฟััะตะฝ...
2025-02-06 20:53:15,517 - __main__ - INFO - ะะพั ะทะฐะฟััะตะฝ...
2025-02-06 21:01:37,979 - __main__ - INFO - ะะพั ะทะฐะฟััะตะฝ...
2025-02-06 21:01:48,882 - __main__ - INFO - ะะพั ะทะฐะฟััะตะฝ...
2025-02-06 21:16:06,444 - __main__ - INFO - ะะพั ะทะฐะฟััะตะฝ...
2025-02-06 21:18:50,184 - __main__ - INFO - ะะพั ะทะฐะฟััะตะฝ...
2025-02-06 21:21:52,016 - __main__ - INFO - ะะพั ะทะฐะฟััะตะฝ...
2025-02-06 21:23:10,735 - __main__ - INFO - ะะพั ะทะฐะฟััะตะฝ...
2025-02-06 21:23:59,882 - __main__ - INFO - ะะพั ะทะฐะฟััะตะฝ...
2025-02-06 21:24:49,648 - services.translator - INFO - Translated: 'ะบะฐะบ ะฟัะพะนัะธ ะฒ ะฑะธะฑะปะธะพัะตะบั ััะพะน ะฝะพััั' -> 'how to get into the library tonight'
2025-02-06 21:32:23,371 - __main__ - INFO - ะะพั ะทะฐะฟััะตะฝ...
2025-02-06 21:35:10,137 - __main__ - INFO - ะะพั ะทะฐะฟััะตะฝ...
2025-02-06 21:37:06,531 - __main__ - INFO - ะะพั ะทะฐะฟััะตะฝ...
2025-02-06 21:47:23,096 - __main__ - INFO - ะะพั ะทะฐะฟััะตะฝ...
2025-02-06 21:49:17,992 - services.translator - INFO - Translated: 'ะัััั ะะพะฒัะน ะณะพะด ะฟัะธะฝะตััั ะฝะฐะผ ะตัั ะฑะพะปััะต ััะบะธั ะผะพะผะตะฝัะพะฒ, ะฝะพะฒัั ะดะพััะธะถะตะฝะธะน ะธ ะฟัะธััะฝัั ัััะฟัะธะทะพะฒ! ะะตะปะฐั ะฒะฐะผ ะบัะตะฟะบะพะณะพ ะทะดะพัะพะฒัั, ััะฐัััั, ะฑะปะฐะณะพะฟะพะปััะธั ะธ, ะบะพะฝะตัะฝะพ ะถะต, ััะฟะตัะพะฒ ะฒ ัะฐะฑะพัะต. ะัััั ะบะฐะถะดัะน ะฝะพะฒัะน ะฟัะพะตะบั ะฑัะดะตั ะธะฝัะตัะตัะฝัะผ ะธ ะฟะตััะฟะตะบัะธะฒะฝัะผ, ะฐ ะบะพะปะปะตะณะธ ะธ ะฟะฐััะฝััั โ ะฝะฐะดัะถะฝัะผะธ ะธ ะดััะถะตะปัะฑะฝัะผะธ.' -> 'ุฃุชููู ุฃู ูุญูู ููุง ุงูุนุงู ุงูุฌุฏูุฏ ุงููุฒูุฏ ูู ุงููุญุธุงุช ุงููุดุฑูุฉ ูุงูุฅูุฌุงุฒุงุช ุงูุฌุฏูุฏุฉ ูุงูููุงุฌุขุช ุงูุณุงุฑุฉ! ุฃุชููู ููู ุงูุตุญุฉ ุงูุฌูุฏุฉ ูุงูุณุนุงุฏุฉ ูุงูุงุฒุฏูุงุฑุ ูุจุงูุทุจุน ุงููุฌุงุญ ูู ุนูููู. ุฃุชููู ุฃู ูููู ูู ูุดุฑูุน ุฌุฏูุฏ ูุซูุฑูุง ููุงูุชูุงู ููุงุนุฏูุงุ ูุฃู ูููู ุงูุฒููุงุก ูุงูุดุฑูุงุก ููุซูููู ููุฏูุฏูู.'
2025-02-06 21:50:52,235 - services.translator - INFO - Translated: 'ะะตัะตะฒะพะด (AR):
ุฃุชููู ุฃู ูุญูู ููุง ุงูุนุงู ุงูุฌุฏูุฏ ุงููุฒูุฏ ูู ุงููุญุธุงุช ุงููุดุฑูุฉ ูุงูุฅูุฌุงุฒุงุช ุงูุฌุฏูุฏุฉ ูุงูููุงุฌุขุช ุงูุณุงุฑุฉ! ุฃุชููู ููู ุงูุตุญุฉ ุงูุฌูุฏุฉ ูุงูุณุนุงุฏุฉ ูุงูุงุฒุฏูุงุฑุ ูุจุงูุทุจุน ุงููุฌุงุญ ูู ุนูููู. ุฃุชููู ุฃู ูููู ูู ูุดุฑูุน ุฌุฏูุฏ ูุซูุฑูุง ููุงูุชูุงู ููุงุนุฏูุงุ ูุฃู ูููู ุงูุฒููุงุก ูุงูุดุฑูุงุก ููุซูููู ููุฏูุฏูู.' -> 'ะะตัะตะฒะพะด (AR):
May the new year bring us more bright moments, new achievements and pleasant surprises! I wish you good health, happiness, prosperity and, of course, success in your work. I wish every new project to be interesting and promising, and colleagues and partners to be reliable and friendly.'
2025-02-06 21:51:37,361 - services.translator - INFO - Translated: 'May the new year bring us more bright moments, new achievements and pleasant surprises! I wish you good health, happiness, prosperity and, of course, success in your work. I wish every new project to be interesting and promising, and colleagues and partners to be reliable and friendly.' -> 'ะัััั ะฝะพะฒัะน ะณะพะด ะฟัะธะฝะตัะตั ะฝะฐะผ ะฑะพะปััะต ััะบะธั ะผะพะผะตะฝัะพะฒ, ะฝะพะฒัั ะดะพััะธะถะตะฝะธะน ะธ ะฟัะธััะฝัั ัััะฟัะธะทะพะฒ! ะะตะปะฐั ะฒะฐะผ ะบัะตะฟะบะพะณะพ ะทะดะพัะพะฒัั, ััะฐัััั, ะฑะปะฐะณะพะฟะพะปััะธั ะธ, ะบะพะฝะตัะฝะพ ะถะต, ััะฟะตัะพะฒ ะฒ ัะฐะฑะพัะต. ะะตะปะฐั, ััะพะฑั ะบะฐะถะดัะน ะฝะพะฒัะน ะฟัะพะตะบั ะฑัะป ะธะฝัะตัะตัะฝัะผ ะธ ะฟะตััะฟะตะบัะธะฒะฝัะผ, ะฐ ะบะพะปะปะตะณะธ ะธ ะฟะฐััะฝะตัั - ะฝะฐะดะตะถะฝัะผะธ ะธ ะดััะถะฝัะผะธ.'
2025-02-06 21:52:17,825 - services.translator - INFO - Translated: 'ะัััั ะฝะพะฒัะน ะณะพะด ะฟัะธะฝะตัะตั ะฝะฐะผ ะฑะพะปััะต ััะบะธั ะผะพะผะตะฝัะพะฒ, ะฝะพะฒัั ะดะพััะธะถะตะฝะธะน ะธ ะฟัะธััะฝัั ัััะฟัะธะทะพะฒ! ะะตะปะฐั ะฒะฐะผ ะบัะตะฟะบะพะณะพ ะทะดะพัะพะฒัั, ััะฐัััั, ะฑะปะฐะณะพะฟะพะปััะธั ะธ, ะบะพะฝะตัะฝะพ ะถะต, ััะฟะตัะพะฒ ะฒ ัะฐะฑะพัะต. ะะตะปะฐั, ััะพะฑั ะบะฐะถะดัะน ะฝะพะฒัะน ะฟัะพะตะบั ะฑัะป ะธะฝัะตัะตัะฝัะผ ะธ ะฟะตััะฟะตะบัะธะฒะฝัะผ, ะฐ ะบะพะปะปะตะณะธ ะธ ะฟะฐััะฝะตัั - ะฝะฐะดะตะถะฝัะผะธ ะธ ะดััะถะฝัะผะธ.' -> 'Yeni yฤฑl bize daha parlak anlar, yeni baลarฤฑlar ve hoล sรผrprizler getirsin! Size saฤlฤฑk, mutluluk, refah ve tabii ki iลinizde baลarฤฑlar diliyorum. Her yeni projenin ilginรง ve umut verici olmasฤฑnฤฑ, meslektaลlarฤฑmฤฑn ve ortaklarฤฑmฤฑn gรผvenilir ve dost canlฤฑsฤฑ olmasฤฑnฤฑ diliyorum.'
2025-02-06 22:06:43,000 - __main__ - INFO - ะะพั ะทะฐะฟััะตะฝ...
2025-02-06 22:10:53,678 - __main__ - INFO - ะะพั ะทะฐะฟััะตะฝ...
2025-02-06 22:12:40,667 - __main__ - INFO - ะะพั ะทะฐะฟััะตะฝ...
2025-02-06 22:12:51,641 - __main__ - INFO - ะะพั ะทะฐะฟััะตะฝ...
2025-02-06 22:13:43,833 - __main__ - INFO - ะะพั ะทะฐะฟััะตะฝ...
2025-02-07 08:51:27,051 - __main__ - INFO - ะะพั ะทะฐะฟััะตะฝ...
2025-02-07 08:52:11,270 - services.translator - INFO - Translated: 'ะะตัะธัั ะฟัะพะฑะปะตะผั ั ะฝะตะดะพะฒัะฟะพะปะฝะตะฝะธะตะผ ะฟะปะฐะฝะพะฒ ะฟะพััะฐะฒะพะบ โ ััะบะพะฒะพะดััะฒะพ ััะตะฑัะตั ัะพัะฝะพะณะพ ะฒัะฟะพะปะฝะตะฝะธั ะฟะพััะฐะฒะปะตะฝะฝัั ะทะฐะดะฐั ะธ ัะพะฑะปัะดะตะฝะธั ะณัะฐัะธะบะพะฒ ะฟะพััะฐะฒะพะบ.' -> 'Eksik teslimat planlarฤฑnฤฑ รงรถzรผn - yรถnetim, doฤru teslimat hedefleri ve teslimat programlarฤฑ gerektirir.'
2025-02-07 09:06:03,253 - __main__ - INFO - ะะพั ะทะฐะฟััะตะฝ...
2025-02-07 09:07:37,236 - services.translator - INFO - Translated: 'ะัะตะฝะธัั ะทะฐะฟะฐัั ะปะตัะฐ ะธ ัะตะฑะตััะพะธะผะพััั ะฟัะพะธะทะฒะพะดััะฒะฐ ะดะพ ะบะพะฝัะฐ ัะตะบััะตะณะพ ะณะพะดะฐ, ััะพะฑั ัะฟะปะฐะฝะธัะพะฒะฐัั ะฝะฐัะฐะปะพ ัะปะตะดัััะตะณะพ ะฟัะพะธะทะฒะพะดััะฒะตะฝะฝะพะณะพ ะฟะตัะธะพะดะฐ.' -> 'ุชูุฏูุฑ ูุฎุฒูู ุงูุฃุฎุดุงุจ ูุชูููุฉ ุงูุฅูุชุงุฌ ุญุชู ููุงูุฉ ุงูุนุงู ุงูุญุงูู ููุชุฎุทูุท ูุจุฏุงูุฉ ูุชุฑุฉ ุงูุฅูุชุงุฌ ุงูุชุงููุฉ.'
2025-02-07 09:10:14,640 - services.translator - INFO - Translated: 'ะะดัะฐะฒััะฒัะนัะต 
ะะพะถะฝะพ ะะพะถะฐะปัะนััะฐ ะฒะพะดั ะบะพัะต ัะฐัะฐั ะธ ัะฐะปัะตัะบะธ' -> 'ูุฑุญุจุงู
ูู ูู ุจุจุนุถ ุงููุงุก ูุงููููุฉ ูุงูุณูุฑ ูุงูููุงุฏูู ุงููุฑููุฉ ูู ูุถููุ'
2025-02-07 09:31:11,695 - __main__ - INFO - ะะพั ะทะฐะฟััะตะฝ...
2025-02-07 09:45:11,894 - __main__ - INFO - ะะพั ะทะฐะฟััะตะฝ...
2025-02-07 09:45:35,738 - services.translator - INFO - Translated: 'ะงัะพะฑั ะฟะพะปะฝะพัััั ะพัะธััะธัั ัะฐั, ัะดะฐะปะธัะต ะตะณะพ ะฒัััะฝัั ะธ ะฝะฐัะฝะธัะต ะฝะพะฒัะน! ๐๐ ะัะธัะฐั ะธััะพัะธั ัะฐัะฐ..' -> 'Fรถr att helt rensa ett chattrum, ta bort det manuellt och starta ett nytt! ๐๐ Rensning av chatthistorik....'
2025-02-07 10:04:23,197 - __main__ - INFO - ะะพั ะทะฐะฟััะตะฝ...
2025-02-07 10:07:45,361 - services.translator - INFO - Translated: 'Lily' -> 'Lily'
2025-02-07 10:08:55,407 - services.translator - INFO - Translated: '๐โก ะั ะะปะตััะธ ะฟัะพ ะฑะพะน ั ะะตัะตะนัะพะน:

ยซะะฐ, ั ัะพัะตะป ะฑั ะฟะพะดะฝััััั ะฒ ะฟะพะปัััะถัะปัะน ะฒะตั ัะฐะดะธ ะฑะพั ั ะะตัะตะนัะพะน. ะะพ ัะตะนัะฐั ััะตะดะฝะธะน ะดะธะฒะธะทะธะพะฝ ะฒัะณะปัะดะธั ะพัะตะฝั ะธะฝัะตัะตัะฝัะผ. ะะพัะผะพััะธัะต, ะบะฐะบ ัะธะปัะฝะพ ะฟะพะผะตะฝัะปัั ัะพะฟ-5 ะฟัะตัะตะฝะดะตะฝัะพะฒ ะฒ ะผะพัะผ ะฒะตัะต. ะัั ะธะทะผะตะฝะธะปะพัั, ะฒ ัะธััะปัะฝัั ะพัะตัะตะดั ะฒะพัะปะธ ะฝะพะฒัะต ะปัะดะธ, ะฝะพะฒะพะต ะฟะพะบะพะปะตะฝะธะต. ะ ััะพ ะพัะตะฝั, ะพัะตะฝั ะฒะฟะตัะฐัะปัะตั. ะะดะฝะฐะบะพ ะฝะฐ ะผะพัะผ ััะตัั ัะถะต ะตััั ะฟะพะฑะตะดั ะฝะฐะด ััะตะผั ะฟะฐัะฝัะผะธ ะธะท ัะพะฟ-5, ะฐ ะกััะธะบะปะตะฝะดะฐ ะฟะพะฑัั ะดะฒะฐะถะดั. ะญัะพ ัะถะต ะฝะฐัะฐะปะพ ััะฐะณะฝะธัะพะฒะฐะฝะธั. 
 
ะฅะพัั ะตััั ัะฐะบะธะต ะฟะฐัะฝะธ, ะบะฐะบ ะะผะฐะฒะพะฒ, ะงะธะผะฐะตะฒ ะธ ะะพััะฐะปัะพ. ะะพะธ ั ะฝะธะผะธ ะฒัะณะปัะดัั ะทะฐัะฒะฐััะฒะฐััะธะผะธ. ะฅะฐะผะทะฐั โ ะฐะฑัะพะปััะฝะพ ัะพัะฝะพ ัะปะตะดัััะธะน ะฟัะตัะตะฝะดะตะฝั ะฝะฐ ัะธััะป. ะฏ ะทะฝะฐั ััะพ. ะ ัะพะผั ะถะต, ะฝะฐั ะถะดัั ะฑะพะธ ะผะตะถะดั ะฟัะตัะตะฝะดะตะฝัะฐะผะธ. 
 
ะะพ ั ะพะฟัะตะดะตะปัะฝะฝะพ ัะพะฑะธัะฐััั ะฟะพะดะฝััััั ะฒ ะฟะพะปัััะถัะปัะน ะฒะตั. ะญัะพ ะฟัะพะธะทะพะนะดัั ะฒ ัะพะผ ัะปััะฐะต, ะบะพะณะดะฐ ะทะฐัะธัั ัะฒะพะน ะดะธะฒะธะทะธะพะฝ ะพั ะฟัะตัะตะฝะดะตะฝัะพะฒ ะธ ะทะฐะบัะตะฟะปั ะทะฐ ัะพะฑะพะน ะทะฒะฐะฝะธะต ะปัััะตะณะพ ััะตะดะฝะตะฒะตัะฐ ะฒ ะธััะพัะธะธ ัะผะตัะฐะฝะฝัั ะตะดะธะฝะพะฑะพัััะฒยป.' -> '๐โก Du Plessis about the Pereira fight:

"Yes, I would like to move up to flyweight for a fight with Pereira. But right now the middleweight division looks very interesting. Look at how much the top 5 contenders at my weight have changed. Things have changed, there's new people in the title lineup, a new generation. And that's very, very impressive. However, I already have wins over three top-5 guys on my record, and I'm going to beat Strickland twice. That's already the beginning of stagnation.
 
Although there are guys like Imavov, Chimaev and Borrallo. Fights with them look exciting. Hamzat is absolutely the next title challenger. I know this. Plus, we have fights between contenders waiting for us.
 
But I'm definitely going to move up to flyweight. That will happen when I clear my division of challengers and secure the title of the best middleweight in mixed martial arts history."'
2025-02-07 10:11:37,197 - services.translator - INFO - Translated: '๐โก ะั ะะปะตััะธ ะฟัะพ ะฑะพะน ั ะะตัะตะนัะพะน:

ยซะะฐ, ั ัะพัะตะป ะฑั ะฟะพะดะฝััััั ะฒ ะฟะพะปัััะถัะปัะน ะฒะตั ัะฐะดะธ ะฑะพั ั ะะตัะตะนัะพะน. ะะพ ัะตะนัะฐั ััะตะดะฝะธะน ะดะธะฒะธะทะธะพะฝ ะฒัะณะปัะดะธั ะพัะตะฝั ะธะฝัะตัะตัะฝัะผ. ะะพัะผะพััะธัะต, ะบะฐะบ ัะธะปัะฝะพ ะฟะพะผะตะฝัะปัั ัะพะฟ-5 ะฟัะตัะตะฝะดะตะฝัะพะฒ ะฒ ะผะพัะผ ะฒะตัะต. ะัั ะธะทะผะตะฝะธะปะพัั, ะฒ ัะธััะปัะฝัั ะพัะตัะตะดั ะฒะพัะปะธ ะฝะพะฒัะต ะปัะดะธ, ะฝะพะฒะพะต ะฟะพะบะพะปะตะฝะธะต. ะ ััะพ ะพัะตะฝั, ะพัะตะฝั ะฒะฟะตัะฐัะปัะตั. ะะดะฝะฐะบะพ ะฝะฐ ะผะพัะผ ััะตัั ัะถะต ะตััั ะฟะพะฑะตะดั ะฝะฐะด ััะตะผั ะฟะฐัะฝัะผะธ ะธะท ัะพะฟ-5, ะฐ ะกััะธะบะปะตะฝะดะฐ ะฟะพะฑัั ะดะฒะฐะถะดั. ะญัะพ ัะถะต ะฝะฐัะฐะปะพ ััะฐะณะฝะธัะพะฒะฐะฝะธั. 
 
ะฅะพัั ะตััั ัะฐะบะธะต ะฟะฐัะฝะธ, ะบะฐะบ ะะผะฐะฒะพะฒ, ะงะธะผะฐะตะฒ ะธ ะะพััะฐะปัะพ. ะะพะธ ั ะฝะธะผะธ ะฒัะณะปัะดัั ะทะฐัะฒะฐััะฒะฐััะธะผะธ. ะฅะฐะผะทะฐั โ ะฐะฑัะพะปััะฝะพ ัะพัะฝะพ ัะปะตะดัััะธะน ะฟัะตัะตะฝะดะตะฝั ะฝะฐ ัะธััะป. ะฏ ะทะฝะฐั ััะพ. ะ ัะพะผั ะถะต, ะฝะฐั ะถะดัั ะฑะพะธ ะผะตะถะดั ะฟัะตัะตะฝะดะตะฝัะฐะผะธ. 
 
ะะพ ั ะพะฟัะตะดะตะปัะฝะฝะพ ัะพะฑะธัะฐััั ะฟะพะดะฝััััั ะฒ ะฟะพะปัััะถัะปัะน ะฒะตั. ะญัะพ ะฟัะพะธะทะพะนะดัั ะฒ ัะพะผ ัะปััะฐะต, ะบะพะณะดะฐ ะทะฐัะธัั ัะฒะพะน ะดะธะฒะธะทะธะพะฝ ะพั ะฟัะตัะตะฝะดะตะฝัะพะฒ ะธ ะทะฐะบัะตะฟะปั ะทะฐ ัะพะฑะพะน ะทะฒะฐะฝะธะต ะปัััะตะณะพ ััะตะดะฝะตะฒะตัะฐ ะฒ ะธััะพัะธะธ ัะผะตัะฐะฝะฝัั ะตะดะธะฝะพะฑะพัััะฒยป.' -> '๐โก Du Plessis sull'incontro con Pereira:

"Sรฌ, mi piacerebbe passare ai pesi mosca per un incontro con Pereira. Ma al momento la divisione dei pesi medi sembra molto interessante. Guardate quanto sono cambiati i primi 5 contendenti al mio peso. ร cambiato tutto, ci sono nuove persone nella line up del titolo, una nuova generazione. E questo รจ molto, molto impressionante. Tuttavia, ho giร ottenuto tre vittorie contro i primi cinque nel mio record e ho battuto Strickland due volte. Questo รจ giร un inizio di stagnazione.
 
Anche se ci sono ragazzi come Imavov, Chimaev e Borrallo. I combattimenti con loro sembrano eccitanti. Hamzat รจ assolutamente il prossimo sfidante al titolo. Questo lo so. Inoltre, ci aspettano incontri tra contendenti.
 
Ma sicuramente passerรฒ ai pesi mosca. Questo avverrร quando avrรฒ liberato la mia divisione dagli sfidanti e mi sarรฒ assicurato il titolo di miglior peso medio nella storia delle arti marziali miste".'
2025-02-07 10:12:38,109 - services.translator - INFO - Translated: 'ะะพะฑัะพะต ัััะพ , ะปัะดะธ , ะบะฐะบ ั ะฒะฐั ะดะตะปะฐ , ะฟะพะณะพะดะฐ ะฒ ะัะฑะฐะต ัะธะบะฐัะฝะฐั , ะฝะพ ะพัะตะฝั ะฒัั ะดะพัะพะณะพ, ะฐ ัะฐะบ ะฒัั ะพะณะพะฝั' -> 'ุตุจุงุญ ุงูุฎูุฑ ูุง ุฌูุงุนุฉุ ููู ุญุงูููุ ุงูุทูุณ ูู ุฏุจู ุฑุงุฆุนุ ููู ูู ุดูุก ุจุงูุธ ุงูุซููุ ููู ูู ุดูุก ูุงุฑ.'
2025-02-07 10:13:40,919 - services.translator - INFO - Translated: 'ะะพะฑัะพะต ัััะพ , ะปัะดะธ , ะบะฐะบ ั ะฒะฐั ะดะตะปะฐ , ะฟะพะณะพะดะฐ ะฒ ะัะฑะฐะต ัะธะบะฐัะฝะฐั , ะฝะพ ะพัะตะฝั ะฒัั ะดะพัะพะณะพ, ะฐ ัะฐะบ ะฒัั ะพะณะพะฝั' -> 'Good morning people, how are you doing, the weather in Dubai is great, but everything is very expensive, but everything is fire.'
2025-02-07 10:14:51,483 - services.translator - INFO - Translated: 'Good morning people, how are you doing, the weather in Dubai is great, but everything is very expensive, but everything is fire.' -> 'Gรผnaydฤฑn millet, nasฤฑlsฤฑnฤฑz, Dubai'de hava harika, ama her ลey รงok pahalฤฑ, ama her ลey ateล.'
2025-02-07 10:18:45,512 - __main__ - INFO - ะะพั ะทะฐะฟััะตะฝ...
2025-02-07 10:19:47,201 - services.translator - INFO - Translated: 'Gรผnaydฤฑn millet, nasฤฑlsฤฑnฤฑz, Dubai'de hava harika, ama her ลey รงok pahalฤฑ, ama her ลey ateล.' -> 'ะะพะฑัะพะต ัััะพ ะฒัะตะผ, ะบะฐะบ ะดะตะปะฐ, ะฟะพะณะพะดะฐ ะฒ ะัะฑะฐะต ะพัะปะธัะฝะฐั, ะฝะพ ะฒัะต ะพัะตะฝั ะดะพัะพะณะพ, ะฝะพ ะฒัะต ะพะณะพะฝั.'
2025-02-07 16:03:39,892 - __main__ - INFO - ะะพั ะทะฐะฟััะตะฝ...
2025-02-07 16:09:06,129 - __main__ - INFO - ะะพั ะทะฐะฟััะตะฝ...
2025-02-07 16:09:46,376 - services.translator - INFO - Translated: 'ะญัะธ ะฟัะฝะบัั ะฟัะตะดััะฐะฒะปััั ัะพะฑะพะน ะบะปััะตะฒัะต ะทะฐะดะฐัะธ, ะบะพัะพััะต ะฝะตะพะฑัะพะดะธะผะพ ัะตัะธัั ะฒ ะฑะปะธะถะฐะนัะตะต ะฒัะตะผั ะดะปั ััะฟะตัะฝะพะณะพ ะทะฐะฒะตััะตะฝะธั ะฟัะพะธะทะฒะพะดััะฒะตะฝะฝะพะณะพ ัะธะบะปะฐ ะธ ะฟะพะดะณะพัะพะฒะบะธ ะบ ะฝะพะฒะพะผั ะณะพะดั.' -> '่ฟไบ้กน็ฎๆฏ่ฟๆ้่ฆๅฎๆ็ๅณ้ฎไปปๅก๏ผไปฅไพฟ้กบๅฉๅฎๆ็ไบงๅจๆ๏ผไธบๆฐ็ไธๅนดๅๅฅฝๅๅคใ'
2025-02-07 16:18:35,748 - __main__ - INFO - ะะพั ะทะฐะฟััะตะฝ...
